<?xml version="1.0" encoding="UTF-8"?>
<!-- Generated by org.testng.reporters.JUnitReportReporter -->
<testsuite skipped="0" hostname="LAPTOP-JVKDK1QE" name="TestRunner.TC01_Login" tests="1" failures="0" timestamp="12 May 2018 22:58:10 GMT" time="10.115" errors="0">
  <testcase name="feature" time="10.115" classname="TestRunner.TC01_Login"/>
</testsuite> <!-- TestRunner.TC01_Login -->
